<?xml version="1.0" encoding="UTF-8"?>
<robot generator="Robot 4.1 (Python 3.9.6 on darwin)" generated="20210808 21:51:39.022" rpa="false" schemaversion="2">
<suite id="s1" name="Open Flashcoffee" source="/Users/machruk/PycharmProjects/flashCoffee/open_flashcoffee.robot">
<test id="s1-t1" name="Open App">
<kw name="Using Real Device">
<kw name="Open Application" library="AppiumLibrary">
<arg>http://localhost:4723/wd/hub</arg>
<arg>platformName=Android</arg>
<arg>deviceName=Redmi 8</arg>
<arg>appPackage=com.flashcoffee</arg>
<arg>appActivity=com.flashcoffee.MainActivity</arg>
<arg>automationName=UiAutomator1</arg>
<arg>autoGrantPermissions=true</arg>
<arg>noSign=true</arg>
<doc>Opens a new application to given Appium server.
Capabilities of appium server, Android and iOS,
Please check https://github.com/appium/appium/blob/master/docs/en/writing-running-appium/server-args.md
| *Option*            | *Man.* | *Description*     |
| remote_url          | Yes    | Appium server url |
| alias               | no     | alias             |</doc>
<status status="PASS" starttime="20210808 21:51:39.118" endtime="20210808 21:51:46.121"/>
</kw>
<status status="PASS" starttime="20210808 21:51:39.118" endtime="20210808 21:51:46.121"/>
</kw>
<kw name="Verify &quot;Pick Up At&quot; text is displayed">
<kw name="Wait Until Page Contains Element" library="AppiumLibrary">
<arg>${skipButton}</arg>
<arg>${delay}</arg>
<doc>Waits until element specified with `locator` appears on current page.</doc>
<status status="PASS" starttime="20210808 21:51:46.122" endtime="20210808 21:51:56.524"/>
</kw>
<kw name="Click Element" library="AppiumLibrary">
<arg>${skipButton}</arg>
<doc>Click element identified by `locator`.</doc>
<msg timestamp="20210808 21:51:56.531" level="INFO">Clicking element 'xpath=/hierarchy/android.widget.FrameLayout/android.widget.LinearLayout/android.widget.FrameLayout/android.widget.LinearLayout/android.widget.FrameLayout/android.widget.FrameLayout/android.view.ViewGroup/android.view.ViewGroup/android.view.ViewGroup/android.widget.FrameLayout/android.view.ViewGroup/android.view.ViewGroup/android.view.ViewGroup/android.view.ViewGroup/android.view.ViewGroup/android.view.ViewGroup/android.view.ViewGroup[1]/android.view.ViewGroup/android.view.ViewGroup/android.view.ViewGroup[1]'.</msg>
<status status="PASS" starttime="20210808 21:51:56.525" endtime="20210808 21:51:57.570"/>
</kw>
<kw name="Wait Until Page Contains" library="AppiumLibrary">
<arg>PICK UP AT</arg>
<arg>${delay}</arg>
<doc>Waits until `text` appears on current page.</doc>
<status status="PASS" starttime="20210808 21:51:57.571" endtime="20210808 21:51:57.980"/>
</kw>
<kw name="Page Should Contain Text" library="AppiumLibrary">
<arg>PICK UP AT</arg>
<doc>Verifies that current page contains `text`.</doc>
<msg timestamp="20210808 21:51:58.335" level="INFO">Current page contains text 'PICK UP AT'.</msg>
<status status="PASS" starttime="20210808 21:51:57.981" endtime="20210808 21:51:58.335"/>
</kw>
<status status="PASS" starttime="20210808 21:51:46.121" endtime="20210808 21:51:58.336"/>
</kw>
<kw name="Select an Open Shop (top)">
<kw name="Wait Until Page Contains Element" library="AppiumLibrary">
<arg>${searchOpenShop}</arg>
<arg>${delay}</arg>
<doc>Waits until element specified with `locator` appears on current page.</doc>
<status status="PASS" starttime="20210808 21:51:58.337" endtime="20210808 21:51:58.620"/>
</kw>
<kw name="Click Element" library="AppiumLibrary">
<arg>${searchOpenShop}</arg>
<doc>Click element identified by `locator`.</doc>
<msg timestamp="20210808 21:51:58.626" level="INFO">Clicking element 'xpath=/hierarchy/android.widget.FrameLayout/android.widget.LinearLayout/android.widget.FrameLayout/android.widget.LinearLayout/android.widget.FrameLayout/android.widget.FrameLayout/android.view.ViewGroup/android.view.ViewGroup/android.view.ViewGroup/android.widget.FrameLayout/android.view.ViewGroup/android.view.ViewGroup/android.view.ViewGroup/android.view.ViewGroup/android.view.ViewGroup/android.view.ViewGroup/android.view.ViewGroup/android.view.ViewGroup/android.view.ViewGroup/android.widget.FrameLayout/android.view.ViewGroup/android.view.ViewGroup/android.widget.FrameLayout/android.view.ViewGroup/android.view.ViewGroup/android.view.ViewGroup/android.view.ViewGroup/android.view.ViewGroup/android.view.ViewGroup/android.widget.FrameLayout/android.view.ViewGroup/android.view.ViewGroup/android.view.ViewGroup/android.view.ViewGroup/android.view.ViewGroup/android.view.ViewGroup[2]/android.view.ViewGroup/android.view.ViewGroup/android.widget.ScrollView/android.view.ViewGroup/android.view.ViewGroup[1]/android.view.ViewGroup[2]'.</msg>
<status status="PASS" starttime="20210808 21:51:58.620" endtime="20210808 21:51:59.354"/>
</kw>
<kw name="Wait Until Page Contains Element" library="AppiumLibrary">
<arg>${openShop}</arg>
<arg>${delay}</arg>
<doc>Waits until element specified with `locator` appears on current page.</doc>
<status status="PASS" starttime="20210808 21:51:59.354" endtime="20210808 21:52:01.654"/>
</kw>
<kw name="Tap" library="AppiumLibrary">
<arg>${openShop}</arg>
<doc>Tap element identified by ``locator``. </doc>
<status status="PASS" starttime="20210808 21:52:01.654" endtime="20210808 21:52:02.402"/>
</kw>
<status status="PASS" starttime="20210808 21:51:58.336" endtime="20210808 21:52:02.403"/>
</kw>
<kw name="Click Burger button until side menu is displayed">
<kw name="Wait Until Page Contains Element" library="AppiumLibrary">
<arg>${burgerIcon}</arg>
<arg>${delay}</arg>
<doc>Waits until element specified with `locator` appears on current page.</doc>
<msg timestamp="20210808 21:52:22.942" level="INFO">&lt;?xml version="1.0" encoding="UTF-8"?&gt;&lt;hierarchy rotation="0"&gt;&lt;android.widget.FrameLayout index="0" text="" class="android.widget.FrameLayout" package="com.flashcoffee" content-desc="" checkable="false" checked="false" clickable="false" enabled="true" focusable="false" focused="false" scrollable="false" long-clickable="false" password="false" selected="false" bounds="[0,0][720,1369]" resource-id="" instance="0"&gt;&lt;android.widget.LinearLayout index="0" text="" class="android.widget.LinearLayout" package="com.flashcoffee" content-desc="" checkable="false" checked="false" clickable="false" enabled="true" focusable="false" focused="false" scrollable="false" long-clickable="false" password="false" selected="false" bounds="[0,0][720,1369]" resource-id="" instance="0"&gt;&lt;android.widget.FrameLayout index="0" text="" class="android.widget.FrameLayout" package="com.flashcoffee" content-desc="" checkable="false" checked="false" clickable="false" enabled="true" focusable="false" focused="false" scrollable="false" long-clickable="false" password="false" selected="false" bounds="[0,55][720,1369]" resource-id="" instance="1"&gt;&lt;android.widget.LinearLayout index="0" text="" class="android.widget.LinearLayout" package="com.flashcoffee" content-desc="" checkable="false" checked="false" clickable="false" enabled="true" focusable="false" focused="false" scrollable="false" long-clickable="false" password="false" selected="false" bounds="[0,55][720,1369]" resource-id="com.flashcoffee:id/action_bar_root" instance="1"&gt;&lt;android.widget.FrameLayout index="0" text="" class="android.widget.FrameLayout" package="com.flashcoffee" content-desc="" checkable="false" checked="false" clickable="false" enabled="true" focusable="false" focused="false" scrollable="false" long-clickable="false" password="false" selected="false" bounds="[0,55][720,1369]" resource-id="android:id/content" instance="2"&gt;&lt;android.widget.FrameLayout index="0" text="" class="android.widget.FrameLayout" package="com.flashcoffee" content-desc="" checkable="false" checked="false" clickable="false" enabled="true" focusable="false" focused="false" scrollable="false" long-clickable="false" password="false" selected="false" bounds="[0,55][720,1369]" resource-id="" instance="3"&gt;&lt;android.view.ViewGroup index="0" text="" class="android.view.ViewGroup" package="com.flashcoffee" content-desc="" checkable="false" checked="false" clickable="false" enabled="true" focusable="false" focused="false" scrollable="false" long-clickable="false" password="false" selected="false" bounds="[0,55][720,1369]" resource-id="" instance="0"&gt;&lt;android.view.ViewGroup index="0" text="" class="android.view.ViewGroup" package="com.flashcoffee" content-desc="" checkable="false" checked="false" clickable="false" enabled="true" focusable="false" focused="false" scrollable="false" long-clickable="false" password="false" selected="false" bounds="[0,55][720,1369]" resource-id="" instance="1"&gt;&lt;android.view.ViewGroup index="0" text="" class="android.view.ViewGroup" package="com.flashcoffee" content-desc="" checkable="false" checked="false" clickable="false" enabled="true" focusable="false" focused="false" scrollable="false" long-clickable="false" password="false" selected="false" bounds="[0,55][720,1369]" resource-id="" instance="2"&gt;&lt;android.widget.FrameLayout index="0" text="" class="android.widget.FrameLayout" package="com.flashcoffee" content-desc="" checkable="false" checked="false" clickable="false" enabled="true" focusable="false" focused="false" scrollable="false" long-clickable="false" password="false" selected="false" bounds="[0,55][720,1369]" resource-id="" instance="4"&gt;&lt;android.view.ViewGroup index="0" text="" class="android.view.ViewGroup" package="com.flashcoffee" content-desc="" checkable="false" checked="false" clickable="false" enabled="true" focusable="false" focused="false" scrollable="false" long-clickable="false" password="false" selected="false" bounds="[0,55][720,1369]" resource-id="" instance="3"&gt;&lt;android.view.ViewGroup index="1" text="" class="android.view.ViewGroup" package="com.flashcoffee" content-desc="" checkable="false" checked="false" clickable="false" enabled="true" focusable="false" focused="false" scrollable="false" long-clickable="false" password="false" selected="false" bounds="[0,55][720,1369]" resource-id="" instance="4"&gt;&lt;android.view.ViewGroup index="0" text="" class="android.view.ViewGroup" package="com.flashcoffee" content-desc="" checkable="false" checked="false" clickable="false" enabled="true" focusable="false" focused="false" scrollable="false" long-clickable="false" password="false" selected="false" bounds="[0,55][720,1369]" resource-id="" instance="5"&gt;&lt;android.view.ViewGroup index="0" text="" class="android.view.ViewGroup" package="com.flashcoffee" content-desc="" checkable="false" checked="false" clickable="false" enabled="true" focusable="false" focused="false" scrollable="false" long-clickable="false" password="false" selected="false" bounds="[0,55][720,1369]" resource-id="" instance="6"&gt;&lt;android.view.ViewGroup index="0" text="" class="android.view.ViewGroup" package="com.flashcoffee" content-desc="" checkable="false" checked="false" clickable="false" enabled="true" focusable="false" focused="false" scrollable="false" long-clickable="false" password="false" selected="false" bounds="[0,55][720,1369]" resource-id="" instance="7"&gt;&lt;android.view.ViewGroup index="0" text="" class="android.view.ViewGroup" package="com.flashcoffee" content-desc="" checkable="false" checked="false" clickable="false" enabled="true" focusable="false" focused="false" scrollable="false" long-clickable="false" password="false" selected="false" bounds="[0,55][720,1369]" resource-id="" instance="8"&gt;&lt;android.view.ViewGroup index="1" text="" class="android.view.ViewGroup" package="com.flashcoffee" content-desc="" checkable="false" checked="false" clickable="false" enabled="true" focusable="false" focused="false" scrollable="false" long-clickable="false" password="false" selected="false" bounds="[0,55][720,1369]" resource-id="" instance="9"&gt;&lt;android.view.ViewGroup index="1" text="" class="android.view.ViewGroup" package="com.flashcoffee" content-desc="" checkable="false" checked="false" clickable="false" enabled="true" focusable="false" focused="false" scrollable="false" long-clickable="false" password="false" selected="false" bounds="[0,55][720,1369]" resource-id="" instance="10"&gt;&lt;android.view.ViewGroup index="0" text="" class="android.view.ViewGroup" package="com.flashcoffee" content-desc="" checkable="false" checked="false" clickable="false" enabled="true" focusable="false" focused="false" scrollable="false" long-clickable="false" password="false" selected="false" bounds="[0,55][720,1369]" resource-id="" instance="11"&gt;&lt;android.widget.FrameLayout index="0" text="" class="android.widget.FrameLayout" package="com.flashcoffee" content-desc="" checkable="false" checked="false" clickable="false" enabled="true" focusable="false" focused="false" scrollable="false" long-clickable="false" password="false" selected="false" bounds="[0,55][720,1369]" resource-id="" instance="5"&gt;&lt;android.view.ViewGroup index="0" text="" class="android.view.ViewGroup" package="com.flashcoffee" content-desc="" checkable="false" checked="false" clickable="false" enabled="true" focusable="false" focused="false" scrollable="false" long-clickable="false" password="false" selected="false" bounds="[0,55][720,1369]" resource-id="" instance="12"&gt;&lt;android.view.ViewGroup index="0" text="" class="android.view.ViewGroup" package="com.flashcoffee" content-desc="" checkable="false" checked="false" clickable="false" enabled="true" focusable="false" focused="false" scrollable="false" long-clickable="false" password="false" selected="false" bounds="[0,55][720,1369]" resource-id="" instance="13"&gt;&lt;android.widget.FrameLayout index="0" text="" class="android.widget.FrameLayout" package="com.flashcoffee" content-desc="" checkable="false" checked="false" clickable="false" enabled="true" focusable="false" focused="false" scrollable="false" long-clickable="false" password="false" selected="false" bounds="[0,55][720,1369]" resource-id="" instance="6"&gt;&lt;android.view.ViewGroup index="0" text="" class="android.view.ViewGroup" package="com.flashcoffee" content-desc="" checkable="false" checked="false" clickable="false" enabled="true" focusable="false" focused="false" scrollable="false" long-clickable="false" password="false" selected="false" bounds="[0,55][720,1369]" resource-id="" instance="14"&gt;&lt;android.view.ViewGroup index="1" text="" class="android.view.ViewGroup" package="com.flashcoffee" content-desc="" checkable="false" checked="false" clickable="false" enabled="true" focusable="false" focused="false" scrollable="false" long-clickable="false" password="false" selected="false" bounds="[0,55][720,1369]" resource-id="" instance="15"&gt;&lt;android.view.ViewGroup index="0" text="" class="android.view.ViewGroup" package="com.flashcoffee" content-desc="" checkable="false" checked="false" clickable="false" enabled="true" focusable="false" focused="false" scrollable="false" long-clickable="false" password="false" selected="false" bounds="[0,55][720,1369]" resource-id="" instance="16"&gt;&lt;android.view.ViewGroup index="0" text="" class="android.view.ViewGroup" package="com.flashcoffee" content-desc="" checkable="false" checked="false" clickable="false" enabled="true" focusable="false" focused="false" scrollable="false" long-clickable="false" password="false" selected="false" bounds="[0,55][720,1369]" resource-id="" instance="17"&gt;&lt;android.view.ViewGroup index="0" text="" class="android.view.ViewGroup" package="com.flashcoffee" content-desc="" checkable="false" checked="false" clickable="false" enabled="true" focusable="false" focused="false" scrollable="false" long-clickable="false" password="false" selected="false" bounds="[0,55][720,1369]" resource-id="" instance="18"&gt;&lt;android.view.ViewGroup index="0" text="" class="android.view.ViewGroup" package="com.flashcoffee" content-desc="" checkable="false" checked="false" clickable="false" enabled="true" focusable="false" focused="false" scrollable="false" long-clickable="false" password="false" selected="false" bounds="[0,55][720,167]" resource-id="" instance="19"&gt;&lt;android.view.ViewGroup index="1" text="" class="android.view.ViewGroup" package="com.flashcoffee" content-desc="" checkable="false" checked="false" clickable="false" enabled="true" focusable="false" focused="false" scrollable="false" long-clickable="false" password="false" selected="false" bounds="[0,55][720,167]" resource-id="" instance="20"&gt;&lt;android.view.ViewGroup index="0" text="" class="android.view.ViewGroup" package="com.flashcoffee" content-desc="" checkable="false" checked="false" clickable="false" enabled="true" focusable="false" focused="false" scrollable="false" long-clickable="false" password="false" selected="false" bounds="[0,55][720,167]" resource-id="" instance="21"/&gt;&lt;/android.view.ViewGroup&gt;&lt;android.view.ViewGroup NAF="true" index="2" text="" class="android.view.ViewGroup" package="com.flashcoffee" content-desc="" checkable="false" checked="false" clickable="true" enabled="true" focusable="true" focused="false" scrollable="false" long-clickable="false" password="false" selected="false" bounds="[0,83][104,139]" resource-id="" instance="22"&gt;&lt;android.view.ViewGroup index="0" text="" class="android.view.ViewGroup" package="com.flashcoffee" content-desc="" checkable="false" checked="false" clickable="false" enabled="true" focusable="false" focused="false" scrollable="false" long-clickable="false" password="false" selected="false" bounds="[24,83][80,139]" resource-id="" instance="23"&gt;&lt;android.view.ViewGroup index="0" text="" class="android.view.ViewGroup" package="com.flashcoffee" content-desc="" checkable="false" checked="false" clickable="false" enabled="true" focusable="false" focused="false" scrollable="false" long-clickable="false" password="false" selected="false" bounds="[24,83][80,139]" resource-id="" instance="24"/&gt;&lt;/android.view.ViewGroup&gt;&lt;/android.view.ViewGroup&gt;&lt;/android.view.ViewGroup&gt;&lt;android.view.ViewGroup index="1" text="" class="android.view.ViewGroup" package="com.flashcoffee" content-desc="" checkable="false" checked="false" clickable="false" enabled="true" focusable="false" focused="false" scrollable="false" long-clickable="false" password="false" selected="false" bounds="[0,167][720,1369]" resource-id="" instance="25"&gt;&lt;android.view.ViewGroup index="0" text="" class="android.view.ViewGroup" package="com.flashcoffee" content-desc="" checkable="false" checked="false" clickable="false" enabled="true" focusable="false" focused="false" scrollable="false" long-clickable="false" password="false" selected="false" bounds="[0,167][720,1369]" resource-id="" instance="26"&gt;&lt;android.view.ViewGroup index="0" text="" class="android.view.ViewGroup" package="com.flashcoffee" content-desc="" checkable="false" checked="false" clickable="false" enabled="true" focusable="false" focused="false" scrollable="false" long-clickable="false" password="false" selected="false" bounds="[0,167][720,1369]" resource-id="" instance="27"&gt;&lt;android.view.ViewGroup index="0" text="" class="android.view.ViewGroup" package="com.flashcoffee" content-desc="" checkable="false" checked="false" clickable="false" enabled="true" focusable="false" focused="false" scrollable="false" long-clickable="false" password="false" selected="false" bounds="[0,167][720,287]" resource-id="" instance="28"&gt;&lt;android.view.ViewGroup index="0" text="" class="android.view.ViewGroup" package="com.flashcoffee" content-desc="" checkable="false" checked="false" clickable="false" enabled="true" focusable="false" focused="false" scrollable="false" long-clickable="false" password="false" selected="false" bounds="[24,199][80,255]" resource-id="" instance="29"&gt;&lt;android.view.ViewGroup index="0" text="" class="android.view.ViewGroup" package="com.flashcoffee" content-desc="" checkable="false" checked="false" clickable="false" enabled="true" focusable="false" focused="false" scrollable="false" long-clickable="false" password="false" selected="false" bounds="[24,199][80,255]" resource-id="" instance="30"/&gt;&lt;/android.view.ViewGroup&gt;&lt;android.view.ViewGroup index="1" text="" class="android.view.ViewGroup" package="com.flashcoffee" content-desc="" checkable="false" checked="false" clickable="true" enabled="true" focusable="true" focused="false" scrollable="false" long-clickable="false" password="false" selected="false" bounds="[80,167][696,287]" resource-id="" instance="31"&gt;&lt;android.view.ViewGroup index="0" text="" class="android.view.ViewGroup" package="com.flashcoffee" content-desc="" checkable="false" checked="false" clickable="false" enabled="true" focusable="false" focused="false" scrollable="false" long-clickable="false" password="false" selected="false" bounds="[80,167][696,287]" resource-id="" instance="32"&gt;&lt;android.widget.EditText index="0" text="Enter Pickup Location" class="android.widget.EditText" package="com.flashcoffee" content-desc="" checkable="false" checked="false" clickable="true" enabled="true" focusable="true" focused="false" scrollable="false" long-clickable="true" password="false" selected="false" bounds="[114,179][662,275]" resource-id="" instance="0"/&gt;&lt;/android.view.ViewGroup&gt;&lt;/android.view.ViewGroup&gt;&lt;/android.view.ViewGroup&gt;&lt;android.view.ViewGroup index="1" text="" class="android.view.ViewGroup" package="com.flashcoffee" content-desc="" checkable="false" checked="false" clickable="false" enabled="true" focusable="false" focused="false" scrollable="false" long-clickable="false" password="false" selected="false" bounds="[0,287][720,1369]" resource-id="" instance="33"&gt;&lt;android.widget.ScrollView index="0" text="" class="android.widget.ScrollView" package="com.flashcoffee" content-desc="" checkable="false" checked="false" clickable="false" enabled="true" focusable="true" focused="false" scrollable="true" long-clickable="false" password="false" selected="false" bounds="[0,287][720,1369]" resource-id="" instance="0"&gt;&lt;android.view.ViewGroup index="0" text="" class="android.view.ViewGroup" package="com.flashcoffee" content-desc="" checkable="false" checked="false" clickable="false" enabled="true" focusable="false" focused="false" scrollable="false" long-clickable="false" password="false" selected="false" bounds="[32,287][688,1369]" resource-id="" instance="34"&gt;&lt;android.view.ViewGroup index="0" text="" class="android.view.ViewGroup" package="com.flashcoffee" content-desc="" checkable="false" checked="false" clickable="false" enabled="true" focusable="false" focused="false" scrollable="false" long-clickable="false" password="false" selected="false" bounds="[32,287][688,519]" resource-id="" instance="35"&gt;&lt;android.view.ViewGroup index="0" text="" class="android.view.ViewGroup" package="com.flashcoffee" content-desc="" checkable="false" checked="false" clickable="true" enabled="true" focusable="true" focused="false" scrollable="false" long-clickable="false" password="false" selected="false" bounds="[32,303][688,501]" resource-id="" instance="36"&gt;&lt;android.view.ViewGroup index="0" text="" class="android.view.ViewGroup" package="com.flashcoffee" content-desc="" checkable="false" checked="false" clickable="false" enabled="true" focusable="false" focused="false" scrollable="false" long-clickable="false" password="false" selected="false" bounds="[32,303][688,363]" resource-id="" instance="37"&gt;&lt;android.view.ViewGroup index="0" text="" class="android.view.ViewGroup" package="com.flashcoffee" content-desc="" checkable="false" checked="false" clickable="false" enabled="true" focusable="false" focused="false" scrollable="false" long-clickable="false" password="false" selected="false" bounds="[32,303][616,347]" resource-id="" instance="38"&gt;&lt;android.widget.TextView index="0" text="Tamansari The Hive" class="android.widget.TextView" package="com.flashcoffee" content-desc="" checkable="false" checked="false" clickable="false" enabled="true" focusable="false" focused="false" scrollable="false" long-clickable="false" password="false" selected="false" bounds="[32,305][299,346]" resource-id="" instance="0"/&gt;&lt;android.view.ViewGroup index="1" text="" class="android.view.ViewGroup" package="com.flashcoffee" content-desc="" checkable="false" checked="false" clickable="false" enabled="true" focusable="false" focused="false" scrollable="false" long-clickable="false" password="false" selected="false" bounds="[315,303][432,347]" resource-id="" instance="39"&gt;&lt;android.view.ViewGroup index="0" text="" class="android.view.ViewGroup" package="com.flashcoffee" content-desc="" checkable="false" checked="false" clickable="false" enabled="true" focusable="false" focused="false" scrollable="false" long-clickable="false" password="false" selected="false" bounds="[315,303][432,347]" resource-id="" instance="40"&gt;&lt;android.widget.TextView index="0" text="NEAREST" class="android.widget.TextView" package="com.flashcoffee" content-desc="" checkable="false" checked="false" clickable="false" enabled="true" focusable="false" focused="false" scrollable="false" long-clickable="false" password="false" selected="false" bounds="[323,303][424,347]" resource-id="" instance="1"/&gt;&lt;/android.view.ViewGroup&gt;&lt;/android.view.ViewGroup&gt;&lt;/android.view.ViewGroup&gt;&lt;android.widget.TextView index="1" text="22km" class="android.widget.TextView" package="com.flashcoffee" content-desc="" checkable="false" checked="false" clickable="false" enabled="true" focusable="false" focused="false" scrollable="false" long-clickable="false" password="false" selected="false" bounds="[616,303][688,347]" resource-id="" instance="2"/&gt;&lt;/android.view.ViewGroup&gt;&lt;android.view.ViewGroup index="1" text="" class="android.view.ViewGroup" package="com.flashcoffee" content-desc="" checkable="false" checked="false" clickable="false" enabled="true" focusable="false" focused="false" scrollable="false" long-clickable="false" password="false" selected="false" bounds="[32,363][688,419]" resource-id="" instance="41"&gt;&lt;android.view.ViewGroup index="0" text="" class="android.view.ViewGroup" package="com.flashcoffee" content-desc="" checkable="false" checked="false" clickable="false" enabled="true" focusable="false" focused="false" scrollable="false" long-clickable="false" password="false" selected="false" bounds="[32,363][88,403]" resource-id="" instance="42"&gt;&lt;android.view.ViewGroup index="0" text="" class="android.view.ViewGroup" package="com.flashcoffee" content-desc="" checkable="false" checked="false" clickable="false" enabled="true" focusable="false" focused="false" scrollable="false" long-clickable="false" password="false" selected="false" bounds="[32,363][72,403]" resource-id="" instance="43"/&gt;&lt;/android.view.ViewGroup&gt;&lt;android.widget.TextView index="1" text="Closed" class="android.widget.TextView" package="com.flashcoffee" content-desc="" checkable="false" checked="false" clickable="false" enabled="true" focusable="false" focused="false" scrollable="false" long-clickable="false" password="false" selected="false" bounds="[88,363][163,403]" resource-id="" instance="3"/&gt;&lt;/android.view.ViewGroup&gt;&lt;android.view.ViewGroup index="2" text="" class="android.view.ViewGroup" package="com.flashcoffee" content-desc="" checkable="false" checked="false" clickable="false" enabled="true" focusable="false" focused="false" scrollable="false" long-clickable="false" password="false" selected="false" bounds="[32,419][688,501]" resource-id="" instance="44"&gt;&lt;android.view.ViewGroup index="0" text="" class="android.view.ViewGroup" package="com.flashcoffee" content-desc="" checkable="false" checked="false" clickable="false" enabled="true" focusable="false" focused="false" scrollable="false" long-clickable="false" password="false" selected="false" bounds="[32,419][88,501]" resource-id="" instance="45"&gt;&lt;android.view.ViewGroup index="0" text="" class="android.view.ViewGroup" package="com.flashcoffee" content-desc="" checkable="false" checked="false" clickable="false" enabled="true" focusable="false" focused="false" scrollable="false" long-clickable="false" password="false" selected="false" bounds="[32,419][72,459]" resource-id="" instance="46"/&gt;&lt;/android.view.ViewGroup&gt;&lt;android.widget.TextView index="1" text="The Hive, Jl. Donald Isaac Panjaitan No.Kav. 3-4, RT.7/RW.11, Cipinang Cempedak, Jatinegara, East Jakarta City, Jakarta 13340, Indonesia" class="android.widget.TextView" package="com.flashcoffee" content-desc="" checkable="false" checked="false" clickable="false" enabled="true" focusable="false" focused="false" scrollable="false" long-clickable="false" password="false" selected="false" bounds="[88,419][688,501]" resource-id="" instance="4"/&gt;&lt;/android.view.ViewGroup&gt;&lt;/android.view.ViewGroup&gt;&lt;/android.view.ViewGroup&gt;&lt;android.view.ViewGroup index="1" text="" class="android.view.ViewGroup" package="com.flashcoffee" content-desc="" checkable="false" checked="false" clickable="false" enabled="true" focusable="false" focused="false" scrollable="false" long-clickable="false" password="false" selected="false" bounds="[32,519][688,774]" resource-id="" instance="47"&gt;&lt;android.view.ViewGroup index="0" text="" class="android.view.ViewGroup" package="com.flashcoffee" content-desc="" checkable="false" checked="false" clickable="true" enabled="true" focusable="true" focused="false" scrollable="false" long-clickable="false" password="false" selected="false" bounds="[32,535][688,756]" resource-id="" instance="48"&gt;&lt;android.view.ViewGroup index="0" text="" class="android.view.ViewGroup" package="com.flashcoffee" content-desc="" checkable="false" checked="false" clickable="false" enabled="true" focusable="false" focused="false" scrollable="false" long-clickable="false" password="false" selected="false" bounds="[32,535][688,592]" resource-id="" instance="49"&gt;&lt;android.view.ViewGroup index="0" text="" class="android.view.ViewGroup" package="com.flashcoffee" content-desc="" checkable="false" checked="false" clickable="false" enabled="true" focusable="false" focused="false" scrollable="false" long-clickable="false" password="false" selected="false" bounds="[32,535][616,576]" resource-id="" instance="50"&gt;&lt;android.widget.TextView index="0" text="Mall Kota Kasablanka" class="android.widget.TextView" package="com.flashcoffee" content-desc="" checkable="false" checked="false" clickable="false" enabled="true" focusable="false" focused="false" scrollable="false" long-clickable="false" password="false" selected="false" bounds="[32,535][322,576]" resource-id="" instance="5"/&gt;&lt;/android.view.ViewGroup&gt;&lt;android.widget.TextView index="1" text="26km" class="android.widget.TextView" package="com.flashcoffee" content-desc="" checkable="false" checked="false" clickable="false" enabled="true" focusable="false" focused="false" scrollable="false" long-clickable="false" password="false" selected="false" bounds="[616,535][688,576]" resource-id="" instance="6"/&gt;&lt;/android.view.ViewGroup&gt;&lt;android.view.ViewGroup index="1" text="" class="android.view.ViewGroup" package="com.flashcoffee" content-desc="" checkable="false" checked="false" clickable="false" enabled="true" focusable="false" focused="false" scrollable="false" long-clickable="false" password="false" selected="false" bounds="[32,592][688,648]" resource-id="" instance="51"&gt;&lt;android.view.ViewGroup index="0" text="" class="android.view.ViewGroup" package="com.flashcoffee" content-desc="" checkable="false" checked="false" clickable="false" enabled="true" focusable="false" focused="false" scrollable="false" long-clickable="false" password="false" selected="false" bounds="[32,592][88,632]" resource-id="" instance="52"&gt;&lt;android.view.ViewGroup index="0" text="" class="android.view.ViewGroup" package="com.flashcoffee" content-desc="" checkable="false" checked="false" clickable="false" enabled="true" focusable="false" focused="false" scrollable="false" long-clickable="false" password="false" selected="false" bounds="[32,592][72,632]" resource-id="" instance="53"/&gt;&lt;/android.view.ViewGroup&gt;&lt;android.widget.TextView index="1" text="Closed" class="android.widget.TextView" package="com.flashcoffee" content-desc="" checkable="false" checked="false" clickable="false" enabled="true" focusable="false" focused="false" scrollable="false" long-clickable="false" password="false" selected="false" bounds="[88,592][163,632]" resource-id="" instance="7"/&gt;&lt;/android.view.ViewGroup&gt;&lt;android.view.ViewGroup index="2" text="" class="android.view.ViewGroup" package="com.flashcoffee" content-desc="" checkable="false" checked="false" clickable="false" enabled="true" focusable="false" focused="false" scrollable="false" long-clickable="false" password="false" selected="false" bounds="[32,648][688,756]" resource-id="" instance="54"&gt;&lt;android.view.ViewGroup index="0" text="" class="android.view.ViewGroup" package="com.flashcoffee" content-desc="" checkable="false" checked="false" clickable="false" enabled="true" focusable="false" focused="false" scrollable="false" long-clickable="false" password="false" selected="false" bounds="[32,648][88,756]" resource-id="" instance="55"&gt;&lt;android.view.ViewGroup index="0" text="" class="android.view.ViewGroup" package="com.flashcoffee" content-desc="" checkable="false" checked="false" clickable="false" enabled="true" focusable="false" focused="false" scrollable="false" long-clickable="false" password="false" selected="false" bounds="[32,648][72,688]" resource-id="" instance="56"/&gt;&lt;/android.view.ViewGroup&gt;&lt;android.widget.TextView index="1" text="Mall Kota Kasablanka, Lt UG, Jl. Casablanca Raya Kav. 88, RT.14/RW.5, Menteng Dalam, Kec. Tebet, Kota Jakarta Selatan, Daerah Khusus Ibukota Jakarta 12870" class="android.widget.TextView" package="com.flashcoffee" content-desc="" checkable="false" checked="false" clickable="false" enabled="true" focusable="false" focused="false" scrollable="false" long-clickable="false" password="false" selected="false" bounds="[88,648][688,756]" resource-id="" instance="8"/&gt;&lt;/android.view.ViewGroup&gt;&lt;/android.view.ViewGroup&gt;&lt;/android.view.ViewGroup&gt;&lt;android.view.ViewGroup index="2" text="" class="android.view.ViewGroup" package="com.flashcoffee" content-desc="" checkable="false" checked="false" clickable="false" enabled="true" focusable="false" focused="false" scrollable="false" long-clickable="false" password="false" selected="false" bounds="[32,774][688,1003]" resource-id="" instance="57"&gt;&lt;android.view.ViewGroup index="0" text="" class="android.view.ViewGroup" package="com.flashcoffee" content-desc="" checkable="false" checked="false" clickable="true" enabled="true" focusable="true" focused="false" scrollable="false" long-clickable="false" password="false" selected="false" bounds="[32,790][688,985]" resource-id="" instance="58"&gt;&lt;android.view.ViewGroup index="0" text="" class="android.view.ViewGroup" package="com.flashcoffee" content-desc="" checkable="false" checked="false" clickable="false" enabled="true" focusable="false" focused="false" scrollable="false" long-clickable="false" password="false" selected="false" bounds="[32,790][688,847]" resource-id="" instance="59"&gt;&lt;android.view.ViewGroup index="0" text="" class="android.view.ViewGroup" package="com.flashcoffee" content-desc="" checkable="false" checked="false" clickable="false" enabled="true" focusable="false" focused="false" scrollable="false" long-clickable="false" password="false" selected="false" bounds="[32,790][616,831]" resource-id="" instance="60"&gt;&lt;android.widget.TextView index="0" text="Tempo Pavilion 2" class="android.widget.TextView" package="com.flashcoffee" content-desc="" checkable="false" checked="false" clickable="false" enabled="true" focusable="false" focused="false" scrollable="false" long-clickable="false" password="false" selected="false" bounds="[32,790][264,831]" resource-id="" instance="9"/&gt;&lt;/android.view.ViewGroup&gt;&lt;android.widget.TextView index="1" text="27km" class="android.widget.TextView" package="com.flashcoffee" content-desc="" checkable="false" checked="false" clickable="false" enabled="true" focusable="false" focused="false" scrollable="false" long-clickable="false" password="false" selected="false" bounds="[616,790][688,831]" resource-id="" instance="10"/&gt;&lt;/android.view.ViewGroup&gt;&lt;android.view.ViewGroup index="1" text="" class="android.view.ViewGroup" package="com.flashcoffee" content-desc="" checkable="false" checked="false" clickable="false" enabled="true" focusable="false" focused="false" scrollable="false" long-clickable="false" password="false" selected="false" bounds="[32,847][688,903]" resource-id="" instance="61"&gt;&lt;android.view.ViewGroup index="0" text="" class="android.view.ViewGroup" package="com.flashcoffee" content-desc="" checkable="false" checked="false" clickable="false" enabled="true" focusable="false" focused="false" scrollable="false" long-clickable="false" password="false" selected="false" bounds="[32,847][88,887]" resource-id="" instance="62"&gt;&lt;android.view.ViewGroup index="0" text="" class="android.view.ViewGroup" package="com.flashcoffee" content-desc="" checkable="false" checked="false" clickable="false" enabled="true" focusable="false" focused="false" scrollable="false" long-clickable="false" password="false" selected="false" bounds="[32,847][72,887]" resource-id="" instance="63"/&gt;&lt;/android.view.ViewGroup&gt;&lt;android.widget.TextView index="1" text="Closed" class="android.widget.TextView" package="com.flashcoffee" content-desc="" checkable="false" checked="false" clickable="false" enabled="true" focusable="false" focused="false" scrollable="false" long-clickable="false" password="false" selected="false" bounds="[88,847][163,887]" resource-id="" instance="11"/&gt;&lt;/android.view.ViewGroup&gt;&lt;android.view.ViewGroup index="2" text="" class="android.view.ViewGroup" package="com.flashcoffee" content-desc="" checkable="false" checked="false" clickable="false" enabled="true" focusable="false" focused="false" scrollable="false" long-clickable="false" password="false" selected="false" bounds="[32,903][688,985]" resource-id="" instance="64"&gt;&lt;android.view.ViewGroup index="0" text="" class="android.view.ViewGroup" package="com.flashcoffee" content-desc="" checkable="false" checked="false" clickable="false" enabled="true" focusable="false" focused="false" scrollable="false" long-clickable="false" password="false" selected="false" bounds="[32,903][88,985]" resource-id="" instance="65"&gt;&lt;android.view.ViewGroup index="0" text="" class="android.view.ViewGroup" package="com.flashcoffee" content-desc="" checkable="false" checked="false" clickable="false" enabled="true" focusable="false" focused="false" scrollable="false" long-clickable="false" password="false" selected="false" bounds="[32,903][72,943]" resource-id="" instance="66"/&gt;&lt;/android.view.ViewGroup&gt;&lt;android.widget.TextView index="1" text="Tempo Pavilion 2, Jl. H. R. Rasuna Said No.Kav. X-2 No. 5, RT.9/RW.4, Kuningan, East Kuningan, Setiabudi, South Jakarta City, Jakarta 12950" class="android.widget.TextView" package="com.flashcoffee" content-desc="" checkable="false" checked="false" clickable="false" enabled="true" focusable="false" focused="false" scrollable="false" long-clickable="false" password="false" selected="false" bounds="[88,903][688,985]" resource-id="" instance="12"/&gt;&lt;/android.view.ViewGroup&gt;&lt;/android.view.ViewGroup&gt;&lt;/android.view.ViewGroup&gt;&lt;android.view.ViewGroup index="3" text="" class="android.view.ViewGroup" package="com.flashcoffee" content-desc="" checkable="false" checked="false" clickable="false" enabled="true" focusable="false" focused="false" scrollable="false" long-clickable="false" password="false" selected="false" bounds="[32,1003][688,1232]" resource-id="" instance="67"&gt;&lt;android.view.ViewGroup index="0" text="" class="android.view.ViewGroup" package="com.flashcoffee" content-desc="" checkable="false" checked="false" clickable="true" enabled="true" focusable="true" focused="false" scrollable="false" long-clickable="false" password="false" selected="false" bounds="[32,1019][688,1214]" resource-id="" instance="68"&gt;&lt;android.view.ViewGroup index="0" text="" class="android.view.ViewGroup" package="com.flashcoffee" content-desc="" checkable="false" checked="false" clickable="false" enabled="true" focusable="false" focused="false" scrollable="false" long-clickable="false" password="false" selected="false" bounds="[32,1019][688,1076]" resource-id="" instance="69"&gt;&lt;android.view.ViewGroup index="0" text="" class="android.view.ViewGroup" package="com.flashcoffee" content-desc="" checkable="false" checked="false" clickable="false" enabled="true" focusable="false" focused="false" scrollable="false" long-clickable="false" password="false" selected="false" bounds="[32,1019][616,1060]" resource-id="" instance="70"&gt;&lt;android.widget.TextView index="0" text="Graha Surveyor" class="android.widget.TextView" package="com.flashcoffee" content-desc="" checkable="false" checked="false" clickable="false" enabled="true" focusable="false" focused="false" scrollable="false" long-clickable="false" password="false" selected="false" bounds="[32,1019][239,1060]" resource-id="" instance="13"/&gt;&lt;/android.view.ViewGroup&gt;&lt;android.widget.TextView index="1" text="27km" class="android.widget.TextView" package="com.flashcoffee" content-desc="" checkable="false" checked="false" clickable="false" enabled="true" focusable="false" focused="false" scrollable="false" long-clickable="false" password="false" selected="false" bounds="[616,1019][688,1060]" resource-id="" instance="14"/&gt;&lt;/android.view.ViewGroup&gt;&lt;android.view.ViewGroup index="1" text="" class="android.view.ViewGroup" package="com.flashcoffee" content-desc="" checkable="false" checked="false" clickable="false" enabled="true" focusable="false" focused="false" scrollable="false" long-clickable="false" password="false" selected="false" bounds="[32,1076][688,1132]" resource-id="" instance="71"&gt;&lt;android.view.ViewGroup index="0" text="" class="android.view.ViewGroup" package="com.flashcoffee" content-desc="" checkable="false" checked="false" clickable="false" enabled="true" focusable="false" focused="false" scrollable="false" long-clickable="false" password="false" selected="false" bounds="[32,1076][88,1116]" resource-id="" instance="72"&gt;&lt;android.view.ViewGroup index="0" text="" class="android.view.ViewGroup" package="com.flashcoffee" content-desc="" checkable="false" checked="false" clickable="false" enabled="true" focusable="false" focused="false" scrollable="false" long-clickable="false" password="false" selected="false" bounds="[32,1076][72,1116]" resource-id="" instance="73"/&gt;&lt;/android.view.ViewGroup&gt;&lt;android.widget.TextView index="1" text="Closed" class="android.widget.TextView" package="com.flashcoffee" content-desc="" checkable="false" checked="false" clickable="false" enabled="true" focusable="false" focused="false" scrollable="false" long-clickable="false" password="false" selected="false" bounds="[88,1076][163,1116]" resource-id="" instance="15"/&gt;&lt;/android.view.ViewGroup&gt;&lt;android.view.ViewGroup index="2" text="" class="android.view.ViewGroup" package="com.flashcoffee" content-desc="" checkable="false" checked="false" clickable="false" enabled="true" focusable="false" focused="false" scrollable="false" long-clickable="false" password="false" selected="false" bounds="[32,1132][688,1214]" resource-id="" instance="74"&gt;&lt;android.view.ViewGroup index="0" text="" class="android.view.ViewGroup" package="com.flashcoffee" content-desc="" checkable="false" checked="false" clickable="false" enabled="true" focusable="false" focused="false" scrollable="false" long-clickable="false" password="false" selected="false" bounds="[32,1132][88,1214]" resource-id="" instance="75"&gt;&lt;android.view.ViewGroup index="0" text="" class="android.view.ViewGroup" package="com.flashcoffee" content-desc="" checkable="false" checked="false" clickable="false" enabled="true" focusable="false" focused="false" scrollable="false" long-clickable="false" password="false" selected="false" bounds="[32,1132][72,1172]" resource-id="" instance="76"/&gt;&lt;/android.view.ViewGroup&gt;&lt;android.widget.TextView index="1" text="Graha Surveyor, Jl. Gatot Subroto No.Kav 56, RT.1/RW.4, Kuningan Tim., Kecamatan Setiabudi, Kota Jakarta Selatan, Daerah Khusus Ibukota Jakarta 12950" class="android.widget.TextView" package="com.flashcoffee" content-desc="" checkable="false" checked="false" clickable="false" enabled="true" focusable="false" focused="false" scrollable="false" long-clickable="false" password="false" selected="false" bounds="[88,1132][688,1214]" resource-id="" instance="16"/&gt;&lt;/android.view.ViewGroup&gt;&lt;/android.view.ViewGroup&gt;&lt;/android.view.ViewGroup&gt;&lt;android.view.ViewGroup index="4" text="" class="android.view.ViewGroup" package="com.flashcoffee" content-desc="" checkable="false" checked="false" clickable="false" enabled="true" focusable="false" focused="false" scrollable="false" long-clickable="false" password="false" selected="false" bounds="[32,1232][688,1369]" resource-id="" instance="77"&gt;&lt;android.view.ViewGroup index="0" text="" class="android.view.ViewGroup" package="com.flashcoffee" content-desc="" checkable="false" checked="false" clickable="true" enabled="true" focusable="true" focused="false" scrollable="false" long-clickable="false" password="false" selected="false" bounds="[32,1248][688,1369]" resource-id="" instance="78"&gt;&lt;android.view.ViewGroup index="0" text="" class="android.view.ViewGroup" package="com.flashcoffee" content-desc="" checkable="false" checked="false" clickable="false" enabled="true" focusable="false" focused="false" scrollable="false" long-clickable="false" password="false" selected="false" bounds="[32,1248][688,1305]" resource-id="" instance="79"&gt;&lt;android.view.ViewGroup index="0" text="" class="android.view.ViewGroup" package="com.flashcoffee" content-desc="" checkable="false" checked="false" clickable="false" enabled="true" focusable="false" focused="false" scrollable="false" long-clickable="false" password="false" selected="false" bounds="[32,1248][616,1289]" resource-id="" instance="80"&gt;&lt;android.widget.TextView index="0" text="Menara Kadin" class="android.widget.TextView" package="com.flashcoffee" content-desc="" checkable="false" checked="false" clickable="false" enabled="true" focusable="false" focused="false" scrollable="false" long-clickable="false" password="false" selected="false" bounds="[32,1248][218,1289]" resource-id="" instance="17"/&gt;&lt;/android.view.ViewGroup&gt;&lt;android.widget.TextView index="1" text="27km" class="android.widget.TextView" package="com.flashcoffee" content-desc="" checkable="false" checked="false" clickable="false" enabled="true" focusable="false" focused="false" scrollable="false" long-clickable="false" password="false" selected="false" bounds="[616,1248][688,1289]" resource-id="" instance="18"/&gt;&lt;/android.view.ViewGroup&gt;&lt;android.view.ViewGroup index="1" text="" class="android.view.ViewGroup" package="com.flashcoffee" content-desc="" checkable="false" checked="false" clickable="false" enabled="true" focusable="false" focused="false" scrollable="false" long-clickable="false" password="false" selected="false" bounds="[32,1305][688,1361]" resource-id="" instance="81"&gt;&lt;android.view.ViewGroup index="0" text="" class="android.view.ViewGroup" package="com.flashcoffee" content-desc="" checkable="false" checked="false" clickable="false" enabled="true" focusable="false" focused="false" scrollable="false" long-clickable="false" password="false" selected="false" bounds="[32,1305][88,1345]" resource-id="" instance="82"&gt;&lt;android.view.ViewGroup index="0" text="" class="android.view.ViewGroup" package="com.flashcoffee" content-desc="" checkable="false" checked="false" clickable="false" enabled="true" focusable="false" focused="false" scrollable="false" long-clickable="false" password="false" selected="false" bounds="[32,1305][72,1345]" resource-id="" instance="83"/&gt;&lt;/android.view.ViewGroup&gt;&lt;android.widget.TextView index="1" text="Closed" class="android.widget.TextView" package="com.flashcoffee" content-desc="" checkable="false" checked="false" clickable="false" enabled="true" focusable="false" focused="false" scrollable="false" long-clickable="false" password="false" selected="false" bounds="[88,1305][163,1345]" resource-id="" instance="19"/&gt;&lt;/android.view.ViewGroup&gt;&lt;android.view.ViewGroup index="2" text="" class="android.view.ViewGroup" package="com.flashcoffee" content-desc="" checkable="false" checked="false" clickable="false" enabled="true" focusable="false" focused="false" scrollable="false" long-clickable="false" password="false" selected="false" bounds="[32,1361][688,1369]" resource-id="" instance="84"&gt;&lt;android.view.ViewGroup index="0" text="" class="android.view.ViewGroup" package="com.flashcoffee" content-desc="" checkable="false" checked="false" clickable="false" enabled="true" focusable="false" focused="false" scrollable="false" long-clickable="false" password="false" selected="false" bounds="[32,1361][88,1369]" resource-id="" instance="85"&gt;&lt;android.view.ViewGroup index="0" text="" class="android.view.ViewGroup" package="com.flashcoffee" content-desc="" checkable="false" checked="false" clickable="false" enabled="true" focusable="false" focused="false" scrollable="false" long-clickable="false" password="false" selected="false" bounds="[32,1361][72,1369]" resource-id="" instance="86"/&gt;&lt;/android.view.ViewGroup&gt;&lt;android.widget.TextView index="1" text="Menara Kadin, Jl. H. R. Rasuna Said Blok X-5 No.Kav. 2-3, RT.1/RW.2, Kuningan, Kuningan Tim., Setia Budi, Kota Jakarta Selatan, Daerah Khusus Ibukota Jakarta 12950" class="android.widget.TextView" package="com.flashcoffee" content-desc="" checkable="false" checked="false" clickable="false" enabled="true" focusable="false" focused="false" scrollable="false" long-clickable="false" password="false" selected="false" bounds="[88,1361][688,1369]" resource-id="" instance="20"/&gt;&lt;/android.view.ViewGroup&gt;&lt;/android.view.ViewGroup&gt;&lt;/android.view.ViewGroup&gt;&lt;/android.view.ViewGroup&gt;&lt;/android.widget.ScrollView&gt;&lt;/android.view.ViewGroup&gt;&lt;/android.view.ViewGroup&gt;&lt;/android.view.ViewGroup&gt;&lt;/android.view.ViewGroup&gt;&lt;/android.view.ViewGroup&gt;&lt;/android.view.ViewGroup&gt;&lt;/android.view.ViewGroup&gt;&lt;/android.view.ViewGroup&gt;&lt;/android.view.ViewGroup&gt;&lt;/android.widget.FrameLayout&gt;&lt;/android.view.ViewGroup&gt;&lt;/android.view.ViewGroup&gt;&lt;/android.widget.FrameLayout&gt;&lt;/android.view.ViewGroup&gt;&lt;/android.view.ViewGroup&gt;&lt;/android.view.ViewGroup&gt;&lt;/android.view.ViewGroup&gt;&lt;/android.view.ViewGroup&gt;&lt;/android.view.ViewGroup&gt;&lt;/android.view.ViewGroup&gt;&lt;/android.view.ViewGroup&gt;&lt;/android.view.ViewGroup&gt;&lt;/android.widget.FrameLayout&gt;&lt;/android.view.ViewGroup&gt;&lt;/android.view.ViewGroup&gt;&lt;/android.view.ViewGroup&gt;&lt;/android.widget.FrameLayout&gt;&lt;/android.widget.FrameLayout&gt;&lt;/android.widget.LinearLayout&gt;&lt;/android.widget.FrameLayout&gt;&lt;/android.widget.LinearLayout&gt;&lt;android.view.View index="1" text="" class="android.view.View" package="com.flashcoffee" content-desc="" checkable="false" checked="false" clickable="false" enabled="true" focusable="false" focused="false" scrollable="false" long-clickable="false" password="false" selected="false" bounds="[0,0][720,55]" resource-id="android:id/statusBarBackground" instance="0"/&gt;&lt;android.view.View index="2" text="" class="android.view.View" package="com.flashcoffee" content-desc="" checkable="false" checked="false" clickable="false" enabled="true" focusable="false" focused="false" scrollable="false" long-clickable="false" password="false" selected="false" bounds="[0,1424][720,1520]" resource-id="android:id/navigationBarBackground" instance="1"/&gt;&lt;/android.widget.FrameLayout&gt;&lt;/hierarchy&gt;</msg>
<kw name="Capture Page Screenshot" library="AppiumLibrary">
<doc>Takes a screenshot of the current page and embeds it into the log.</doc>
<msg timestamp="20210808 21:52:24.637" level="INFO" html="true">&lt;/td&gt;&lt;/tr&gt;&lt;tr&gt;&lt;td colspan="3"&gt;&lt;a href="appium-screenshot-1.png"&gt;&lt;img src="appium-screenshot-1.png" width="800px"&gt;&lt;/a&gt;</msg>
<status status="PASS" starttime="20210808 21:52:22.943" endtime="20210808 21:52:24.641"/>
</kw>
<msg timestamp="20210808 21:52:24.643" level="FAIL">Element 'xpath=/hierarchy/android.widget.FrameLayout/android.widget.LinearLayout/android.widget.FrameLayout/android.widget.LinearLayout/android.widget.FrameLayout/android.widget.FrameLayout/android.view.ViewGroup/android.view.ViewGroup/android.view.ViewGroup/android.widget.FrameLayout/android.view.ViewGroup/android.view.ViewGroup/android.view.ViewGroup/android.view.ViewGroup/android.view.ViewGroup/android.view.ViewGroup/android.view.ViewGroup/android.view.ViewGroup/android.view.ViewGroup/android.widget.FrameLayout/android.view.ViewGroup/android.view.ViewGroup/android.widget.FrameLayout/android.view.ViewGroup/android.view.ViewGroup/android.view.ViewGroup/android.view.ViewGroup/android.view.ViewGroup/android.view.ViewGroup/android.widget.FrameLayout/android.view.ViewGroup/android.view.ViewGroup/android.view.ViewGroup/android.view.ViewGroup/android.view.ViewGroup/android.view.ViewGroup[1]/android.view.ViewGroup[1]' did not appear in 20 seconds</msg>
<status status="FAIL" starttime="20210808 21:52:02.404" endtime="20210808 21:52:24.643"/>
</kw>
<kw name="Click Element" library="AppiumLibrary">
<arg>${burgerIcon}</arg>
<doc>Click element identified by `locator`.</doc>
<status status="NOT RUN" starttime="20210808 21:52:24.643" endtime="20210808 21:52:24.643"/>
</kw>
<kw name="Wait Until Page Contains Element" library="AppiumLibrary">
<arg>${sideMenu}</arg>
<arg>${delay}</arg>
<doc>Waits until element specified with `locator` appears on current page.</doc>
<status status="NOT RUN" starttime="20210808 21:52:24.643" endtime="20210808 21:52:24.643"/>
</kw>
<status status="FAIL" starttime="20210808 21:52:02.403" endtime="20210808 21:52:24.644"/>
</kw>
<kw name="Verify &quot;Sign In&quot; and &quot;Language&quot; text are displayed">
<status status="NOT RUN" starttime="20210808 21:52:24.645" endtime="20210808 21:52:24.645"/>
</kw>
<kw name="Click &quot;Language&quot; until language menu is displayed">
<status status="NOT RUN" starttime="20210808 21:52:24.645" endtime="20210808 21:52:24.645"/>
</kw>
<kw name="Verify &quot;Select Language&quot; is displayed">
<status status="NOT RUN" starttime="20210808 21:52:24.645" endtime="20210808 21:52:24.645"/>
</kw>
<kw name="Select &quot;Bahasa Indonesia&quot; radio button">
<status status="NOT RUN" starttime="20210808 21:52:24.645" endtime="20210808 21:52:24.645"/>
</kw>
<kw name="Click Save button">
<status status="NOT RUN" starttime="20210808 21:52:24.645" endtime="20210808 21:52:24.645"/>
</kw>
<kw name="Click Burger button until side menu is displayed">
<status status="NOT RUN" starttime="20210808 21:52:24.645" endtime="20210808 21:52:24.645"/>
</kw>
<kw name="Verify &quot;Bahasa&quot; and &quot;Menu&quot; text are displayed">
<status status="NOT RUN" starttime="20210808 21:52:24.645" endtime="20210808 21:52:24.645"/>
</kw>
<kw name="Close the App">
<status status="NOT RUN" starttime="20210808 21:52:24.645" endtime="20210808 21:52:24.645"/>
</kw>
<status status="FAIL" starttime="20210808 21:51:39.118" endtime="20210808 21:52:24.645">Element 'xpath=/hierarchy/android.widget.FrameLayout/android.widget.LinearLayout/android.widget.FrameLayout/android.widget.LinearLayout/android.widget.FrameLayout/android.widget.FrameLayout/android.view.ViewGroup/android.view.ViewGroup/android.view.ViewGroup/android.widget.FrameLayout/android.view.ViewGroup/android.view.ViewGroup/android.view.ViewGroup/android.view.ViewGroup/android.view.ViewGroup/android.view.ViewGroup/android.view.ViewGroup/android.view.ViewGroup/android.view.ViewGroup/android.widget.FrameLayout/android.view.ViewGroup/android.view.ViewGroup/android.widget.FrameLayout/android.view.ViewGroup/android.view.ViewGroup/android.view.ViewGroup/android.view.ViewGroup/android.view.ViewGroup/android.view.ViewGroup/android.widget.FrameLayout/android.view.ViewGroup/android.view.ViewGroup/android.view.ViewGroup/android.view.ViewGroup/android.view.ViewGroup/android.view.ViewGroup[1]/android.view.ViewGroup[1]' did not appear in 20 seconds</status>
</test>
<doc>Open Flash Coffee App</doc>
<status status="FAIL" starttime="20210808 21:51:39.023" endtime="20210808 21:52:24.652"/>
</suite>
<statistics>
<total>
<stat pass="0" fail="1" skip="0">All Tests</stat>
</total>
<tag>
</tag>
<suite>
<stat pass="0" fail="1" skip="0" id="s1" name="Open Flashcoffee">Open Flashcoffee</stat>
</suite>
</statistics>
<errors>
</errors>
</robot>
